CloudSprite/garden/proguard/mapping.txt
com.cooee.wallpaper.framework.AAConfigChooser -> com.cooee.wallpaper.framework.a:
    int eglVersion -> a
    boolean withAlpha -> b
    int bufferSize -> c
    int depth -> d
    int samples -> e
    javax.microedition.khronos.egl.EGLConfig chooseConfig(javax.microedition.khronos.egl.EGL10,javax.microedition.khronos.egl.EGLDisplay) -> chooseConfig
    void error() -> a
    void fixConfigSpec(int[]) -> a
com.cooee.wallpaper.framework.ConfigMode -> com.cooee.wallpaper.framework.b:
    void setAAMode(int) -> a
com.cooee.wallpaper.framework.GLWallpaperRenderer -> com.cooee.wallpaper.framework.c:
    void onOffsetsChanged(float,float,float,float,int,int) -> a
    void onTouchEvent(android.view.MotionEvent) -> a
com.cooee.wallpaper.framework.GLWallpaperService -> com.cooee.wallpaper.framework.GLWallpaperService:
com.cooee.wallpaper.framework.GLWallpaperService$GLEngine -> com.cooee.wallpaper.framework.d:
    com.cooee.wallpaper.framework.GLWallpaperService$GLEngine$WallpaperGLSurfaceView glSurfaceView -> b
    boolean rendererHasBeenSet -> c
    com.cooee.wallpaper.framework.GLWallpaperService this$0 -> a
    void onCreate(android.view.SurfaceHolder) -> onCreate
    void onVisibilityChanged(boolean) -> onVisibilityChanged
    void onDestroy() -> onDestroy
    void setRenderer(android.opengl.GLSurfaceView$Renderer) -> a
    void setEGLContextClientVersion(int) -> a
com.cooee.wallpaper.framework.GLWallpaperService$GLEngine$WallpaperGLSurfaceView -> com.cooee.wallpaper.framework.e:
    com.cooee.wallpaper.framework.GLWallpaperService$GLEngine this$1 -> a
    android.view.SurfaceHolder getHolder() -> getHolder
    void onDestroy() -> a
com.cooee.wallpaper.framework.Logger -> com.cooee.wallpaper.framework.f:
    int mode -> b
    int logLevel -> c
    java.lang.String[] HEAD -> d
    java.util.HashMap map -> a
    void setOnError(int) -> a
    void setLogLevel(int) -> b
    void log(java.lang.String) -> a
    void log(java.lang.String,java.lang.String) -> a
    void log(java.lang.String,int) -> a
    void log(java.lang.String,java.lang.String,int) -> a
    void ps(java.lang.String) -> b
    void pt(java.lang.String) -> c
com.cooee.wallpaper.framework.OpenGLES2WallpaperService -> com.cooee.wallpaper.framework.OpenGLES2WallpaperService:
    android.service.wallpaper.WallpaperService$Engine onCreateEngine() -> onCreateEngine
    android.service.wallpaper.WallpaperService$Engine createOpenGLES1Engine() -> a
    com.cooee.wallpaper.framework.GLWallpaperRenderer getNewRenderer() -> b
com.cooee.wallpaper.framework.OpenGLES2WallpaperService$OpenGLES1Engine -> com.cooee.wallpaper.framework.g:
    com.cooee.wallpaper.framework.OpenGLES2WallpaperService this$0 -> b
    void onCreate(android.view.SurfaceHolder) -> onCreate
com.cooee.wallpaper.framework.OpenGLES2WallpaperService$OpenGLES2Engine -> com.cooee.wallpaper.framework.h:
    com.cooee.wallpaper.framework.OpenGLES2WallpaperService this$0 -> b
    void onCreate(android.view.SurfaceHolder) -> onCreate
com.cooee.wallpaper.framework.OpenGLES2WallpaperService$OpenGLESEngine -> com.cooee.wallpaper.framework.i:
    com.cooee.wallpaper.framework.GLWallpaperRenderer renderer -> c
    com.cooee.wallpaper.framework.OpenGLES2WallpaperService this$0 -> d
    void onCreate(android.view.SurfaceHolder) -> onCreate
    void onOffsetsChanged(float,float,float,float,int,int) -> onOffsetsChanged
    void onTouchEvent(android.view.MotionEvent) -> onTouchEvent
com.cooee.wallpaper.lotus.Animation -> com.cooee.wallpaper.lotus.a:
    com.threed.jpct.Object3D obj -> a
    float ind -> b
com.cooee.wallpaper.lotus.IRenderer -> com.cooee.wallpaper.lotus.b:
    void onDrawFrame(javax.microedition.khronos.opengles.GL10) -> a
    void onSurfaceChanged(javax.microedition.khronos.opengles.GL10,int,int) -> a
    void onSurfaceCreated(javax.microedition.khronos.opengles.GL10,javax.microedition.khronos.egl.EGLConfig) -> a
    void onTouchEvent(android.view.MotionEvent) -> a