CloudSprite/garden/proguard/usage.txt
com.threed.jpct.GL20Handler:
    public abstract void setRenderTarget(com.threed.jpct.Texture,com.threed.jpct.GLRenderer,com.threed.jpct.FrameBuffer)
com.threed.jpct.GLRenderer:
    private static final int VERTEX_ARRAY_SIZE
    private static final boolean AGGREGATE_BLITS
    240:241:public final void setPaintListener(com.threed.jpct.IPaintListener)
    244:244:public final boolean isInitialized()
    285:309:private void doPostProcessing(com.threed.jpct.FrameBuffer,com.threed.jpct.IPostProcessor)
    361:364:private void disableAllHigherStages()
    673:679:protected void addForUnload(com.threed.jpct.Texture)
    1216:1239:private void prepareForBlitting(int[],int,int)
    1607:1613:void upload(com.threed.jpct.Texture)
    1647:1654:void resetViewport(com.threed.jpct.FrameBuffer)
    1657:1659:private void setViewport(com.threed.jpct.FrameBuffer)
    1663:1706:private void enableScissor(com.threed.jpct.FrameBuffer,com.threed.jpct.Texture,int,int,int,int)
    1709:1713:private void disableScissor()
    1720:1722:public void blitTexture(com.threed.jpct.Texture,com.threed.jpct.FrameBuffer,int,int,int,int,int,int,boolean)
    1732:1735:public void blitIntArray(int[],com.threed.jpct.FrameBuffer,int,int,int,int,int,int,boolean,int,int)
    1787:1795:public void clearZBufferOnly()
    1798:1817:public void clearColorBufferOnly(com.threed.jpct.RGBColor)
    1820:1855:public void grabScreen(com.threed.jpct.FrameBuffer,int[])
    1880:1882:public void postProcess(com.threed.jpct.FrameBuffer,com.threed.jpct.IPostProcessor)
com.threed.jpct.GLSLShader:
    205:206:public static void addReplacement(java.lang.String,java.lang.String)
    217:218:public static void setShaderLocator(com.threed.jpct.ShaderLocator)
    420:420:public int getProgram()
    434:435:public void setStaticUniform(java.lang.String,int)
    448:449:public void setStaticUniform(java.lang.String,float)
    462:463:public void setStaticUniform(java.lang.String,float[])
    476:477:public void setStaticFloatArrayUniform(java.lang.String,float[])
    490:491:public void setStaticUniform(java.lang.String,com.threed.jpct.SimpleVector[])
    504:505:public void setStaticUniform(java.lang.String,com.threed.jpct.SimpleVector)
    518:519:public void setStaticUniform(java.lang.String,com.threed.jpct.Matrix)
    531:532:public void setUniform(java.lang.String,int)
    544:545:public void setUniform(java.lang.String,float)
    557:558:public void setUniform(java.lang.String,com.threed.jpct.SimpleVector)
    570:571:public void setUniform(java.lang.String,com.threed.jpct.SimpleVector[])
    596:597:public void setFloatArrayUniform(java.lang.String,float[])
    609:615:public void setUniform(java.lang.String,com.threed.jpct.Matrix)
    745:755:private java.nio.FloatBuffer toFloatBuffer(com.threed.jpct.Matrix,java.nio.FloatBuffer)
    759:781:private void set(java.lang.String,int,boolean)
    784:806:private void set(java.lang.String,float,boolean)
    838:860:private void set(java.lang.String,com.threed.jpct.SimpleVector,boolean)
com.threed.jpct.GLSLShader$Uniform:
    public static final int INT
    public static final int FLOAT
    public static final int FLOAT_ARRAY
    public static final int MATRIX
    public static final int VECTOR
    public static final int VECTOR_ARRAY
    public static final int SINGLE_FLOAT_ARRAY
    1133:1134:public void setValue(int)
    1137:1138:public void setValue(float)
    1145:1146:public void setValue(java.nio.FloatBuffer)
    1149:1150:public void setValue(com.threed.jpct.SimpleVector)
    1153:1164:public void setValue(com.threed.jpct.SimpleVector[])